{"total": {"lines":{"total":568,"covered":267,"skipped":0,"pct":47},"statements":{"total":713,"covered":325,"skipped":0,"pct":45.58},"functions":{"total":223,"covered":87,"skipped":0,"pct":39.01},"branches":{"total":457,"covered":158,"skipped":0,"pct":34.57},"branchesTrue":{"total":0,"covered":0,"skipped":0,"pct":100}}
,"C:\\Users\\bosma\\Documents\\repository\\statedge_tourn\\tournament_hub_2\\src\\context\\AdminAuthContext.jsx": {"lines":{"total":46,"covered":37,"skipped":0,"pct":80.43},"functions":{"total":9,"covered":6,"skipped":0,"pct":66.66},"statements":{"total":47,"covered":37,"skipped":0,"pct":78.72},"branches":{"total":8,"covered":7,"skipped":0,"pct":87.5}}
,"C:\\Users\\bosma\\Documents\\repository\\statedge_tourn\\tournament_hub_2\\src\\context\\TournamentContext.jsx": {"lines":{"total":169,"covered":54,"skipped":0,"pct":31.95},"functions":{"total":101,"covered":29,"skipped":0,"pct":28.71},"statements":{"total":227,"covered":65,"skipped":0,"pct":28.63},"branches":{"total":151,"covered":30,"skipped":0,"pct":19.86}}
,"C:\\Users\\bosma\\Documents\\repository\\statedge_tourn\\tournament_hub_2\\src\\lib\\db.js": {"lines":{"total":25,"covered":6,"skipped":0,"pct":24},"functions":{"total":10,"covered":3,"skipped":0,"pct":30},"statements":{"total":33,"covered":7,"skipped":0,"pct":21.21},"branches":{"total":28,"covered":2,"skipped":0,"pct":7.14}}
,"C:\\Users\\bosma\\Documents\\repository\\statedge_tourn\\tournament_hub_2\\src\\lib\\export.js": {"lines":{"total":125,"covered":5,"skipped":0,"pct":4},"functions":{"total":37,"covered":0,"skipped":0,"pct":0},"statements":{"total":140,"covered":5,"skipped":0,"pct":3.57},"branches":{"total":98,"covered":0,"skipped":0,"pct":0}}
,"C:\\Users\\bosma\\Documents\\repository\\statedge_tourn\\tournament_hub_2\\src\\lib\\storage.js": {"lines":{"total":17,"covered":16,"skipped":0,"pct":94.11},"functions":{"total":6,"covered":6,"skipped":0,"pct":100},"statements":{"total":20,"covered":19,"skipped":0,"pct":95},"branches":{"total":6,"covered":5,"skipped":0,"pct":83.33}}
,"C:\\Users\\bosma\\Documents\\repository\\statedge_tourn\\tournament_hub_2\\src\\lib\\supabase.js": {"lines":{"total":6,"covered":5,"skipped":0,"pct":83.33},"functions":{"total":0,"covered":0,"skipped":0,"pct":100},"statements":{"total":6,"covered":5,"skipped":0,"pct":83.33},"branches":{"total":8,"covered":6,"skipped":0,"pct":75}}
,"C:\\Users\\bosma\\Documents\\repository\\statedge_tourn\\tournament_hub_2\\src\\lib\\tournament.js": {"lines":{"total":116,"covered":94,"skipped":0,"pct":81.03},"functions":{"total":32,"covered":23,"skipped":0,"pct":71.87},"statements":{"total":159,"covered":122,"skipped":0,"pct":76.72},"branches":{"total":113,"covered":71,"skipped":0,"pct":62.83}}
,"C:\\Users\\bosma\\Documents\\repository\\statedge_tourn\\tournament_hub_2\\src\\lib\\types.js": {"lines":{"total":5,"covered":5,"skipped":0,"pct":100},"functions":{"total":0,"covered":0,"skipped":0,"pct":100},"statements":{"total":5,"covered":5,"skipped":0,"pct":100},"branches":{"total":0,"covered":0,"skipped":0,"pct":100}}
,"C:\\Users\\bosma\\Documents\\repository\\statedge_tourn\\tournament_hub_2\\src\\lib\\utils.js": {"lines":{"total":59,"covered":45,"skipped":0,"pct":76.27},"functions":{"total":28,"covered":20,"skipped":0,"pct":71.42},"statements":{"total":76,"covered":60,"skipped":0,"pct":78.94},"branches":{"total":45,"covered":37,"skipped":0,"pct":82.22}}
}
