{"total": {"lines":{"total":759,"covered":319,"skipped":0,"pct":42.02},"statements":{"total":939,"covered":387,"skipped":0,"pct":41.21},"functions":{"total":277,"covered":105,"skipped":0,"pct":37.9},"branches":{"total":626,"covered":214,"skipped":0,"pct":34.18},"branchesTrue":{"total":0,"covered":0,"skipped":0,"pct":100}}
,"C:\\Users\\bosma\\Documents\\repository\\statedge_tourn\\tournament_hub_2\\src\\context\\AdminAuthContext.jsx": {"lines":{"total":46,"covered":37,"skipped":0,"pct":80.43},"functions":{"total":9,"covered":6,"skipped":0,"pct":66.66},"statements":{"total":47,"covered":37,"skipped":0,"pct":78.72},"branches":{"total":8,"covered":7,"skipped":0,"pct":87.5}}
,"C:\\Users\\bosma\\Documents\\repository\\statedge_tourn\\tournament_hub_2\\src\\context\\ScorekeeperContext.jsx": {"lines":{"total":50,"covered":0,"skipped":0,"pct":0},"functions":{"total":11,"covered":0,"skipped":0,"pct":0},"statements":{"total":52,"covered":0,"skipped":0,"pct":0},"branches":{"total":28,"covered":0,"skipped":0,"pct":0}}
,"C:\\Users\\bosma\\Documents\\repository\\statedge_tourn\\tournament_hub_2\\src\\context\\TournamentContext.jsx": {"lines":{"total":173,"covered":54,"skipped":0,"pct":31.21},"functions":{"total":105,"covered":29,"skipped":0,"pct":27.61},"statements":{"total":234,"covered":65,"skipped":0,"pct":27.77},"branches":{"total":160,"covered":30,"skipped":0,"pct":18.75}}
,"C:\\Users\\bosma\\Documents\\repository\\statedge_tourn\\tournament_hub_2\\src\\lib\\db.js": {"lines":{"total":25,"covered":6,"skipped":0,"pct":24},"functions":{"total":10,"covered":3,"skipped":0,"pct":30},"statements":{"total":33,"covered":7,"skipped":0,"pct":21.21},"branches":{"total":28,"covered":2,"skipped":0,"pct":7.14}}
,"C:\\Users\\bosma\\Documents\\repository\\statedge_tourn\\tournament_hub_2\\src\\lib\\db_scorecard.js": {"lines":{"total":84,"covered":0,"skipped":0,"pct":0},"functions":{"total":20,"covered":0,"skipped":0,"pct":0},"statements":{"total":103,"covered":0,"skipped":0,"pct":0},"branches":{"total":64,"covered":0,"skipped":0,"pct":0}}
,"C:\\Users\\bosma\\Documents\\repository\\statedge_tourn\\tournament_hub_2\\src\\lib\\export.js": {"lines":{"total":125,"covered":5,"skipped":0,"pct":4},"functions":{"total":37,"covered":0,"skipped":0,"pct":0},"statements":{"total":140,"covered":5,"skipped":0,"pct":3.57},"branches":{"total":98,"covered":0,"skipped":0,"pct":0}}
,"C:\\Users\\bosma\\Documents\\repository\\statedge_tourn\\tournament_hub_2\\src\\lib\\scorecard.js": {"lines":{"total":53,"covered":52,"skipped":0,"pct":98.11},"functions":{"total":19,"covered":19,"skipped":0,"pct":100},"statements":{"total":64,"covered":63,"skipped":0,"pct":98.43},"branches":{"total":68,"covered":56,"skipped":0,"pct":82.35}}
,"C:\\Users\\bosma\\Documents\\repository\\statedge_tourn\\tournament_hub_2\\src\\lib\\storage.js": {"lines":{"total":17,"covered":16,"skipped":0,"pct":94.11},"functions":{"total":6,"covered":6,"skipped":0,"pct":100},"statements":{"total":20,"covered":19,"skipped":0,"pct":95},"branches":{"total":6,"covered":5,"skipped":0,"pct":83.33}}
,"C:\\Users\\bosma\\Documents\\repository\\statedge_tourn\\tournament_hub_2\\src\\lib\\supabase.js": {"lines":{"total":6,"covered":5,"skipped":0,"pct":83.33},"functions":{"total":0,"covered":0,"skipped":0,"pct":100},"statements":{"total":6,"covered":5,"skipped":0,"pct":83.33},"branches":{"total":8,"covered":6,"skipped":0,"pct":75}}
,"C:\\Users\\bosma\\Documents\\repository\\statedge_tourn\\tournament_hub_2\\src\\lib\\tournament.js": {"lines":{"total":116,"covered":94,"skipped":0,"pct":81.03},"functions":{"total":32,"covered":23,"skipped":0,"pct":71.87},"statements":{"total":159,"covered":122,"skipped":0,"pct":76.72},"branches":{"total":113,"covered":71,"skipped":0,"pct":62.83}}
,"C:\\Users\\bosma\\Documents\\repository\\statedge_tourn\\tournament_hub_2\\src\\lib\\types.js": {"lines":{"total":5,"covered":5,"skipped":0,"pct":100},"functions":{"total":0,"covered":0,"skipped":0,"pct":100},"statements":{"total":5,"covered":5,"skipped":0,"pct":100},"branches":{"total":0,"covered":0,"skipped":0,"pct":100}}
,"C:\\Users\\bosma\\Documents\\repository\\statedge_tourn\\tournament_hub_2\\src\\lib\\utils.js": {"lines":{"total":59,"covered":45,"skipped":0,"pct":76.27},"functions":{"total":28,"covered":19,"skipped":0,"pct":67.85},"statements":{"total":76,"covered":59,"skipped":0,"pct":77.63},"branches":{"total":45,"covered":37,"skipped":0,"pct":82.22}}
}
